==87630== Memcheck, a memory error detector
==87630== Copyright (C) 2002-2024, and GNU GPL'd, by Julian Seward et al.
==87630== Using Valgrind-3.23.0 and LibVEX; rerun with -h for copyright info
==87630== Command: ./program
==87630== Parent PID: 59436
==87630== 
==87630== Jump to the invalid address stated on the next line
==87630==    at 0xDDB4DADE9C81269A: ???
==87630==    by 0xB4C0A9BBA8C5F8A4: ???
==87630==    by 0xED8EF8BAB4EBB4B0: ???
==87630==    by 0xAFD1ADADB3D5F8F1: ???
==87630==    by 0xA085E0FB: ???
==87630==    by 0x1FFEFF44A3: ???
==87630==    by 0x10488A73B: ???
==87630==    by 0x2F: ???
==87630==    by 0x310000000000002F: ???
==87630==    by 0x2F: ???
==87630==    by 0x4895992: doupdate_sp (in /nix/store/1p1j0iv3c909kcs4d5300kcsnlwmbwyj-ncurses-6.4.20221231/lib/libncursesw.so.6.4)
==87630==    by 0x7F684D686CE515FF: ???
==87630==  Address 0xddb4dade9c81269a is not stack'd, malloc'd or (recently) free'd
==87630== 
==87630== 
==87630== Process terminating with default action of signal 11 (SIGSEGV): dumping core
==87630==  Bad permissions for mapped region at address 0xDDB4DADE9C81269A
==87630==    at 0xDDB4DADE9C81269A: ???
==87630==    by 0xB4C0A9BBA8C5F8A4: ???
==87630==    by 0xED8EF8BAB4EBB4B0: ???
==87630==    by 0xAFD1ADADB3D5F8F1: ???
==87630==    by 0xA085E0FB: ???
==87630==    by 0x1FFEFF44A3: ???
==87630==    by 0x10488A73B: ???
==87630==    by 0x2F: ???
==87630==    by 0x310000000000002F: ???
==87630==    by 0x2F: ???
==87630==    by 0x4895992: doupdate_sp (in /nix/store/1p1j0iv3c909kcs4d5300kcsnlwmbwyj-ncurses-6.4.20221231/lib/libncursesw.so.6.4)
==87630==    by 0x7F684D686CE515FF: ???
==87630== 
==87630== HEAP SUMMARY:
==87630==     in use at exit: 495,535 bytes in 321 blocks
==87630==   total heap usage: 396 allocs, 75 frees, 518,519 bytes allocated
==87630== 
==87630== 9 bytes in 1 blocks are possibly lost in loss record 8 of 132
==87630==    at 0x48467D9: malloc (in /nix/store/jlcmn1sc1k1ryzk2lzxs3af4m1ghmdy6-valgrind-3.23.0/libexec/valgrind/vgpreload_memcheck-amd64-linux.so)
==87630==    by 0x49FCFFD: strdup (in /nix/store/wn7v2vhyyyi6clcyn0s9ixvl7d4d87ic-glibc-2.40-36/lib/libc.so.6)
==87630==    by 0x48A34D5: tparm_setup (in /nix/store/1p1j0iv3c909kcs4d5300kcsnlwmbwyj-ncurses-6.4.20221231/lib/libncursesw.so.6.4)
==87630==    by 0x48A67E1: _nc_tiparm (in /nix/store/1p1j0iv3c909kcs4d5300kcsnlwmbwyj-ncurses-6.4.20221231/lib/libncursesw.so.6.4)
==87630==    by 0x488347B: _nc_mvcur_init_sp (in /nix/store/1p1j0iv3c909kcs4d5300kcsnlwmbwyj-ncurses-6.4.20221231/lib/libncursesw.so.6.4)
==87630==    by 0x4883EE7: newterm_sp (in /nix/store/1p1j0iv3c909kcs4d5300kcsnlwmbwyj-ncurses-6.4.20221231/lib/libncursesw.so.6.4)
==87630==    by 0x48841C7: newterm (in /nix/store/1p1j0iv3c909kcs4d5300kcsnlwmbwyj-ncurses-6.4.20221231/lib/libncursesw.so.6.4)
==87630==    by 0x487FDEF: initscr (in /nix/store/1p1j0iv3c909kcs4d5300kcsnlwmbwyj-ncurses-6.4.20221231/lib/libncursesw.so.6.4)
==87630==    by 0x40237E: main (in /home/tylefnx/Documents/.dev/kab-t/c_client/program)
==87630== 
==87630== 24 bytes in 1 blocks are possibly lost in loss record 35 of 132
==87630==    at 0x48467D9: malloc (in /nix/store/jlcmn1sc1k1ryzk2lzxs3af4m1ghmdy6-valgrind-3.23.0/libexec/valgrind/vgpreload_memcheck-amd64-linux.so)
==87630==    by 0x4A641A5: tsearch (in /nix/store/wn7v2vhyyyi6clcyn0s9ixvl7d4d87ic-glibc-2.40-36/lib/libc.so.6)
==87630==    by 0x48A34F0: tparm_setup (in /nix/store/1p1j0iv3c909kcs4d5300kcsnlwmbwyj-ncurses-6.4.20221231/lib/libncursesw.so.6.4)
==87630==    by 0x48A67E1: _nc_tiparm (in /nix/store/1p1j0iv3c909kcs4d5300kcsnlwmbwyj-ncurses-6.4.20221231/lib/libncursesw.so.6.4)
==87630==    by 0x488347B: _nc_mvcur_init_sp (in /nix/store/1p1j0iv3c909kcs4d5300kcsnlwmbwyj-ncurses-6.4.20221231/lib/libncursesw.so.6.4)
==87630==    by 0x4883EE7: newterm_sp (in /nix/store/1p1j0iv3c909kcs4d5300kcsnlwmbwyj-ncurses-6.4.20221231/lib/libncursesw.so.6.4)
==87630==    by 0x48841C7: newterm (in /nix/store/1p1j0iv3c909kcs4d5300kcsnlwmbwyj-ncurses-6.4.20221231/lib/libncursesw.so.6.4)
==87630==    by 0x487FDEF: initscr (in /nix/store/1p1j0iv3c909kcs4d5300kcsnlwmbwyj-ncurses-6.4.20221231/lib/libncursesw.so.6.4)
==87630==    by 0x40237E: main (in /home/tylefnx/Documents/.dev/kab-t/c_client/program)
==87630== 
==87630== 168 bytes in 1 blocks are possibly lost in loss record 84 of 132
==87630==    at 0x484E27A: calloc (in /nix/store/jlcmn1sc1k1ryzk2lzxs3af4m1ghmdy6-valgrind-3.23.0/libexec/valgrind/vgpreload_memcheck-amd64-linux.so)
==87630==    by 0x48A344E: tparm_setup (in /nix/store/1p1j0iv3c909kcs4d5300kcsnlwmbwyj-ncurses-6.4.20221231/lib/libncursesw.so.6.4)
==87630==    by 0x48A67E1: _nc_tiparm (in /nix/store/1p1j0iv3c909kcs4d5300kcsnlwmbwyj-ncurses-6.4.20221231/lib/libncursesw.so.6.4)
==87630==    by 0x488347B: _nc_mvcur_init_sp (in /nix/store/1p1j0iv3c909kcs4d5300kcsnlwmbwyj-ncurses-6.4.20221231/lib/libncursesw.so.6.4)
==87630==    by 0x4883EE7: newterm_sp (in /nix/store/1p1j0iv3c909kcs4d5300kcsnlwmbwyj-ncurses-6.4.20221231/lib/libncursesw.so.6.4)
==87630==    by 0x48841C7: newterm (in /nix/store/1p1j0iv3c909kcs4d5300kcsnlwmbwyj-ncurses-6.4.20221231/lib/libncursesw.so.6.4)
==87630==    by 0x487FDEF: initscr (in /nix/store/1p1j0iv3c909kcs4d5300kcsnlwmbwyj-ncurses-6.4.20221231/lib/libncursesw.so.6.4)
==87630==    by 0x40237E: main (in /home/tylefnx/Documents/.dev/kab-t/c_client/program)
==87630== 
==87630== LEAK SUMMARY:
==87630==    definitely lost: 0 bytes in 0 blocks
==87630==    indirectly lost: 0 bytes in 0 blocks
==87630==      possibly lost: 201 bytes in 3 blocks
==87630==    still reachable: 495,334 bytes in 318 blocks
==87630==         suppressed: 0 bytes in 0 blocks
==87630== Reachable blocks (those to which a pointer was found) are not shown.
==87630== To see them, rerun with: --leak-check=full --show-leak-kinds=all
==87630== 
==87630== For lists of detected and suppressed errors, rerun with: -s
==87630== ERROR SUMMARY: 4 errors from 4 contexts (suppressed: 0 from 0)
